{"/Users/apple/microverse/Module2/To-do-list/mocks/fileMock.js": {"path":"/Users/apple/microverse/Module2/To-do-list/mocks/fileMock.js","statementMap":{},"fnMap":{},"branchMap":{},"s":{},"f":{},"b":{},"_coverageSchema":"1a1c01bbd47fc00a2c39e90264f33305004495a9","hash":"15ef8f75b6ee88ac28cc48b11427cc6b8699bbf4"}
,"/Users/apple/microverse/Module2/To-do-list/src/crud.js": {"path":"/Users/apple/microverse/Module2/To-do-list/src/crud.js","statementMap":{"0":{"start":{"line":6,"column":14},"end":{"line":6,"column":46}},"1":{"start":{"line":7,"column":16},"end":{"line":7,"column":51}},"2":{"start":{"line":8,"column":13},"end":{"line":8,"column":24}},"3":{"start":{"line":9,"column":9},"end":{"line":9,"column":10}},"4":{"start":{"line":10,"column":0},"end":{"line":10,"column":36}},"5":{"start":{"line":12,"column":28},"end":{"line":17,"column":1}},"6":{"start":{"line":13,"column":19},"end":{"line":13,"column":51}},"7":{"start":{"line":14,"column":19},"end":{"line":14,"column":60}},"8":{"start":{"line":15,"column":2},"end":{"line":15,"column":44}},"9":{"start":{"line":16,"column":2},"end":{"line":16,"column":41}},"10":{"start":{"line":19,"column":24},"end":{"line":22,"column":1}},"11":{"start":{"line":20,"column":2},"end":{"line":20,"column":51}},"12":{"start":{"line":21,"column":2},"end":{"line":21,"column":39}},"13":{"start":{"line":24,"column":25},"end":{"line":30,"column":1}},"14":{"start":{"line":25,"column":2},"end":{"line":25,"column":38}},"15":{"start":{"line":26,"column":2},"end":{"line":26,"column":66}},"16":{"start":{"line":26,"column":49},"end":{"line":26,"column":64}},"17":{"start":{"line":27,"column":2},"end":{"line":27,"column":21}},"18":{"start":{"line":28,"column":2},"end":{"line":28,"column":45}},"19":{"start":{"line":29,"column":2},"end":{"line":29,"column":27}},"20":{"start":{"line":32,"column":19},"end":{"line":35,"column":1}},"21":{"start":{"line":33,"column":13},"end":{"line":33,"column":42}},"22":{"start":{"line":34,"column":2},"end":{"line":34,"column":19}},"23":{"start":{"line":37,"column":19},"end":{"line":48,"column":1}},"24":{"start":{"line":38,"column":2},"end":{"line":47,"column":5}},"25":{"start":{"line":39,"column":4},"end":{"line":39,"column":40}},"26":{"start":{"line":40,"column":4},"end":{"line":46,"column":7}},"27":{"start":{"line":41,"column":6},"end":{"line":43,"column":7}},"28":{"start":{"line":42,"column":8},"end":{"line":42,"column":46}},"29":{"start":{"line":44,"column":6},"end":{"line":44,"column":25}},"30":{"start":{"line":45,"column":6},"end":{"line":45,"column":49}},"31":{"start":{"line":50,"column":19},"end":{"line":61,"column":1}},"32":{"start":{"line":51,"column":2},"end":{"line":60,"column":5}},"33":{"start":{"line":52,"column":20},"end":{"line":52,"column":61}},"34":{"start":{"line":53,"column":4},"end":{"line":56,"column":5}},"35":{"start":{"line":54,"column":6},"end":{"line":54,"column":72}},"36":{"start":{"line":55,"column":6},"end":{"line":55,"column":72}},"37":{"start":{"line":57,"column":4},"end":{"line":57,"column":38}},"38":{"start":{"line":58,"column":21},"end":{"line":58,"column":52}},"39":{"start":{"line":59,"column":4},"end":{"line":59,"column":37}},"40":{"start":{"line":63,"column":29},"end":{"line":80,"column":1}},"41":{"start":{"line":64,"column":20},"end":{"line":69,"column":15}},"42":{"start":{"line":70,"column":2},"end":{"line":70,"column":53}},"43":{"start":{"line":72,"column":2},"end":{"line":75,"column":5}},"44":{"start":{"line":73,"column":4},"end":{"line":73,"column":47}},"45":{"start":{"line":74,"column":4},"end":{"line":74,"column":49}},"46":{"start":{"line":76,"column":20},"end":{"line":76,"column":52}},"47":{"start":{"line":77,"column":2},"end":{"line":77,"column":24}},"48":{"start":{"line":78,"column":2},"end":{"line":78,"column":24}},"49":{"start":{"line":79,"column":2},"end":{"line":79,"column":23}},"50":{"start":{"line":82,"column":28},"end":{"line":91,"column":1}},"51":{"start":{"line":83,"column":2},"end":{"line":83,"column":38}},"52":{"start":{"line":84,"column":2},"end":{"line":84,"column":56}},"53":{"start":{"line":85,"column":2},"end":{"line":85,"column":42}},"54":{"start":{"line":86,"column":2},"end":{"line":86,"column":84}},"55":{"start":{"line":87,"column":2},"end":{"line":87,"column":10}},"56":{"start":{"line":88,"column":19},"end":{"line":88,"column":83}},"57":{"start":{"line":89,"column":2},"end":{"line":89,"column":21}},"58":{"start":{"line":90,"column":2},"end":{"line":90,"column":21}},"59":{"start":{"line":93,"column":35},"end":{"line":103,"column":1}},"60":{"start":{"line":94,"column":18},"end":{"line":94,"column":31}},"61":{"start":{"line":95,"column":2},"end":{"line":102,"column":3}},"62":{"start":{"line":96,"column":4},"end":{"line":96,"column":26}},"63":{"start":{"line":97,"column":4},"end":{"line":97,"column":33}},"64":{"start":{"line":98,"column":4},"end":{"line":98,"column":19}},"65":{"start":{"line":99,"column":4},"end":{"line":99,"column":20}},"66":{"start":{"line":101,"column":4},"end":{"line":101,"column":22}}},"fnMap":{"0":{"name":"(anonymous_0)","decl":{"start":{"line":12,"column":28},"end":{"line":12,"column":29}},"loc":{"start":{"line":12,"column":36},"end":{"line":17,"column":1}},"line":12},"1":{"name":"(anonymous_1)","decl":{"start":{"line":19,"column":24},"end":{"line":19,"column":25}},"loc":{"start":{"line":19,"column":30},"end":{"line":22,"column":1}},"line":19},"2":{"name":"(anonymous_2)","decl":{"start":{"line":24,"column":25},"end":{"line":24,"column":26}},"loc":{"start":{"line":24,"column":31},"end":{"line":30,"column":1}},"line":24},"3":{"name":"(anonymous_3)","decl":{"start":{"line":26,"column":39},"end":{"line":26,"column":40}},"loc":{"start":{"line":26,"column":49},"end":{"line":26,"column":64}},"line":26},"4":{"name":"(anonymous_4)","decl":{"start":{"line":32,"column":19},"end":{"line":32,"column":20}},"loc":{"start":{"line":32,"column":30},"end":{"line":35,"column":1}},"line":32},"5":{"name":"(anonymous_5)","decl":{"start":{"line":37,"column":19},"end":{"line":37,"column":20}},"loc":{"start":{"line":37,"column":34},"end":{"line":48,"column":1}},"line":37},"6":{"name":"(anonymous_6)","decl":{"start":{"line":38,"column":39},"end":{"line":38,"column":40}},"loc":{"start":{"line":38,"column":50},"end":{"line":47,"column":3}},"line":38},"7":{"name":"(anonymous_7)","decl":{"start":{"line":40,"column":26},"end":{"line":40,"column":27}},"loc":{"start":{"line":40,"column":36},"end":{"line":46,"column":5}},"line":40},"8":{"name":"(anonymous_8)","decl":{"start":{"line":50,"column":19},"end":{"line":50,"column":20}},"loc":{"start":{"line":50,"column":34},"end":{"line":61,"column":1}},"line":50},"9":{"name":"(anonymous_9)","decl":{"start":{"line":51,"column":38},"end":{"line":51,"column":39}},"loc":{"start":{"line":51,"column":44},"end":{"line":60,"column":3}},"line":51},"10":{"name":"(anonymous_10)","decl":{"start":{"line":63,"column":29},"end":{"line":63,"column":30}},"loc":{"start":{"line":63,"column":43},"end":{"line":80,"column":1}},"line":63},"11":{"name":"(anonymous_11)","decl":{"start":{"line":72,"column":49},"end":{"line":72,"column":50}},"loc":{"start":{"line":72,"column":59},"end":{"line":75,"column":3}},"line":72},"12":{"name":"(anonymous_12)","decl":{"start":{"line":82,"column":28},"end":{"line":82,"column":29}},"loc":{"start":{"line":82,"column":41},"end":{"line":91,"column":1}},"line":82},"13":{"name":"(anonymous_13)","decl":{"start":{"line":93,"column":35},"end":{"line":93,"column":36}},"loc":{"start":{"line":93,"column":41},"end":{"line":103,"column":1}},"line":93}},"branchMap":{"0":{"loc":{"start":{"line":41,"column":6},"end":{"line":43,"column":7}},"type":"if","locations":[{"start":{"line":41,"column":6},"end":{"line":43,"column":7}},{"start":{},"end":{}}],"line":41},"1":{"loc":{"start":{"line":53,"column":4},"end":{"line":56,"column":5}},"type":"if","locations":[{"start":{"line":53,"column":4},"end":{"line":56,"column":5}},{"start":{},"end":{}}],"line":53},"2":{"loc":{"start":{"line":86,"column":7},"end":{"line":86,"column":83}},"type":"cond-expr","locations":[{"start":{"line":86,"column":34},"end":{"line":86,"column":79}},{"start":{"line":86,"column":82},"end":{"line":86,"column":83}}],"line":86},"3":{"loc":{"start":{"line":95,"column":2},"end":{"line":102,"column":3}},"type":"if","locations":[{"start":{"line":95,"column":2},"end":{"line":102,"column":3}},{"start":{"line":100,"column":9},"end":{"line":102,"column":3}}],"line":95}},"s":{"0":1,"1":1,"2":1,"3":1,"4":1,"5":1,"6":0,"7":0,"8":0,"9":0,"10":1,"11":0,"12":0,"13":1,"14":3,"15":3,"16":14,"17":3,"18":3,"19":3,"20":1,"21":0,"22":0,"23":1,"24":0,"25":0,"26":0,"27":0,"28":0,"29":0,"30":0,"31":1,"32":0,"33":0,"34":0,"35":0,"36":0,"37":0,"38":0,"39":0,"40":1,"41":0,"42":0,"43":0,"44":0,"45":0,"46":0,"47":0,"48":0,"49":0,"50":1,"51":0,"52":0,"53":0,"54":0,"55":0,"56":0,"57":0,"58":0,"59":1,"60":0,"61":0,"62":0,"63":0,"64":0,"65":0,"66":0},"f":{"0":0,"1":0,"2":3,"3":14,"4":0,"5":0,"6":0,"7":0,"8":0,"9":0,"10":0,"11":0,"12":0,"13":0},"b":{"0":[0,0],"1":[0,0],"2":[0,0],"3":[0,0]},"_coverageSchema":"1a1c01bbd47fc00a2c39e90264f33305004495a9","hash":"e84768fef60c423409e2b82d1a870729fc4551e5"}
,"/Users/apple/microverse/Module2/To-do-list/src/draggableEvents.js": {"path":"/Users/apple/microverse/Module2/To-do-list/src/draggableEvents.js","statementMap":{"0":{"start":{"line":4,"column":13},"end":{"line":4,"column":24}},"1":{"start":{"line":7,"column":18},"end":{"line":7,"column":57}},"2":{"start":{"line":8,"column":18},"end":{"line":8,"column":55}},"3":{"start":{"line":10,"column":15},"end":{"line":10,"column":28}},"4":{"start":{"line":11,"column":2},"end":{"line":11,"column":32}},"5":{"start":{"line":12,"column":2},"end":{"line":12,"column":23}},"6":{"start":{"line":14,"column":2},"end":{"line":14,"column":38}},"7":{"start":{"line":16,"column":2},"end":{"line":22,"column":5}},"8":{"start":{"line":17,"column":4},"end":{"line":21,"column":5}},"9":{"start":{"line":18,"column":6},"end":{"line":18,"column":39}},"10":{"start":{"line":19,"column":11},"end":{"line":21,"column":5}},"11":{"start":{"line":20,"column":6},"end":{"line":20,"column":39}},"12":{"start":{"line":23,"column":2},"end":{"line":23,"column":45}},"13":{"start":{"line":27,"column":2},"end":{"line":27,"column":58}},"14":{"start":{"line":31,"column":2},"end":{"line":31,"column":29}},"15":{"start":{"line":32,"column":2},"end":{"line":32,"column":57}},"16":{"start":{"line":36,"column":2},"end":{"line":36,"column":25}},"17":{"start":{"line":40,"column":2},"end":{"line":40,"column":32}},"18":{"start":{"line":41,"column":2},"end":{"line":41,"column":60}},"19":{"start":{"line":45,"column":23},"end":{"line":45,"column":61}},"20":{"start":{"line":46,"column":2},"end":{"line":46,"column":42}},"21":{"start":{"line":47,"column":2},"end":{"line":47,"column":32}},"22":{"start":{"line":48,"column":2},"end":{"line":48,"column":60}},"23":{"start":{"line":52,"column":21},"end":{"line":52,"column":60}},"24":{"start":{"line":53,"column":25},"end":{"line":53,"column":81}},"25":{"start":{"line":55,"column":2},"end":{"line":57,"column":5}},"26":{"start":{"line":56,"column":4},"end":{"line":56,"column":55}},"27":{"start":{"line":59,"column":2},"end":{"line":64,"column":5}},"28":{"start":{"line":60,"column":4},"end":{"line":60,"column":57}},"29":{"start":{"line":61,"column":4},"end":{"line":61,"column":53}},"30":{"start":{"line":62,"column":4},"end":{"line":62,"column":59}},"31":{"start":{"line":63,"column":4},"end":{"line":63,"column":59}}},"fnMap":{"0":{"name":"swapItems","decl":{"start":{"line":6,"column":9},"end":{"line":6,"column":18}},"loc":{"start":{"line":6,"column":39},"end":{"line":24,"column":1}},"line":6},"1":{"name":"(anonymous_1)","decl":{"start":{"line":16,"column":24},"end":{"line":16,"column":25}},"loc":{"start":{"line":16,"column":34},"end":{"line":22,"column":3}},"line":16},"2":{"name":"dragStart","decl":{"start":{"line":26,"column":9},"end":{"line":26,"column":18}},"loc":{"start":{"line":26,"column":21},"end":{"line":28,"column":1}},"line":26},"3":{"name":"dragEnter","decl":{"start":{"line":30,"column":9},"end":{"line":30,"column":18}},"loc":{"start":{"line":30,"column":21},"end":{"line":33,"column":1}},"line":30},"4":{"name":"dragOver","decl":{"start":{"line":35,"column":9},"end":{"line":35,"column":17}},"loc":{"start":{"line":35,"column":25},"end":{"line":37,"column":1}},"line":35},"5":{"name":"dragLeave","decl":{"start":{"line":39,"column":9},"end":{"line":39,"column":18}},"loc":{"start":{"line":39,"column":21},"end":{"line":42,"column":1}},"line":39},"6":{"name":"dragDrop","decl":{"start":{"line":44,"column":9},"end":{"line":44,"column":17}},"loc":{"start":{"line":44,"column":20},"end":{"line":49,"column":1}},"line":44},"7":{"name":"dragEventListeners","decl":{"start":{"line":51,"column":24},"end":{"line":51,"column":42}},"loc":{"start":{"line":51,"column":45},"end":{"line":65,"column":1}},"line":51},"8":{"name":"(anonymous_8)","decl":{"start":{"line":55,"column":21},"end":{"line":55,"column":22}},"loc":{"start":{"line":55,"column":36},"end":{"line":57,"column":3}},"line":55},"9":{"name":"(anonymous_9)","decl":{"start":{"line":59,"column":25},"end":{"line":59,"column":26}},"loc":{"start":{"line":59,"column":44},"end":{"line":64,"column":3}},"line":59}},"branchMap":{"0":{"loc":{"start":{"line":17,"column":4},"end":{"line":21,"column":5}},"type":"if","locations":[{"start":{"line":17,"column":4},"end":{"line":21,"column":5}},{"start":{"line":19,"column":11},"end":{"line":21,"column":5}}],"line":17},"1":{"loc":{"start":{"line":19,"column":11},"end":{"line":21,"column":5}},"type":"if","locations":[{"start":{"line":19,"column":11},"end":{"line":21,"column":5}},{"start":{},"end":{}}],"line":19}},"s":{"0":1,"1":0,"2":0,"3":0,"4":0,"5":0,"6":0,"7":0,"8":0,"9":0,"10":0,"11":0,"12":0,"13":0,"14":0,"15":0,"16":0,"17":0,"18":0,"19":0,"20":0,"21":0,"22":0,"23":0,"24":0,"25":0,"26":0,"27":0,"28":0,"29":0,"30":0,"31":0},"f":{"0":0,"1":0,"2":0,"3":0,"4":0,"5":0,"6":0,"7":0,"8":0,"9":0},"b":{"0":[0,0],"1":[0,0]},"_coverageSchema":"1a1c01bbd47fc00a2c39e90264f33305004495a9","hash":"3f6d016ebfd0e92bc6aec51716b3439ed9126d28"}
,"/Users/apple/microverse/Module2/To-do-list/src/statusUpdate.js": {"path":"/Users/apple/microverse/Module2/To-do-list/src/statusUpdate.js","statementMap":{"0":{"start":{"line":3,"column":21},"end":{"line":8,"column":1}},"1":{"start":{"line":4,"column":13},"end":{"line":4,"column":39}},"2":{"start":{"line":5,"column":2},"end":{"line":5,"column":39}},"3":{"start":{"line":6,"column":2},"end":{"line":6,"column":71}},"4":{"start":{"line":7,"column":2},"end":{"line":7,"column":46}}},"fnMap":{"0":{"name":"(anonymous_0)","decl":{"start":{"line":3,"column":21},"end":{"line":3,"column":22}},"loc":{"start":{"line":3,"column":28},"end":{"line":8,"column":1}},"line":3}},"branchMap":{},"s":{"0":1,"1":0,"2":0,"3":0,"4":0},"f":{"0":0},"b":{},"_coverageSchema":"1a1c01bbd47fc00a2c39e90264f33305004495a9","hash":"10253e4381f787a6fd6d46a869be3b4495d825e6"}
,"/Users/apple/microverse/Module2/To-do-list/src/model/task.js": {"path":"/Users/apple/microverse/Module2/To-do-list/src/model/task.js","statementMap":{"0":{"start":{"line":3,"column":4},"end":{"line":3,"column":23}},"1":{"start":{"line":7,"column":4},"end":{"line":7,"column":55}},"2":{"start":{"line":11,"column":4},"end":{"line":11,"column":59}},"3":{"start":{"line":15,"column":4},"end":{"line":15,"column":39}},"4":{"start":{"line":16,"column":4},"end":{"line":16,"column":29}},"5":{"start":{"line":17,"column":4},"end":{"line":17,"column":46}},"6":{"start":{"line":21,"column":4},"end":{"line":23,"column":7}},"7":{"start":{"line":22,"column":6},"end":{"line":22,"column":26}}},"fnMap":{"0":{"name":"(anonymous_0)","decl":{"start":{"line":2,"column":2},"end":{"line":2,"column":3}},"loc":{"start":{"line":2,"column":16},"end":{"line":4,"column":3}},"line":2},"1":{"name":"(anonymous_1)","decl":{"start":{"line":6,"column":2},"end":{"line":6,"column":3}},"loc":{"start":{"line":6,"column":20},"end":{"line":8,"column":3}},"line":6},"2":{"name":"(anonymous_2)","decl":{"start":{"line":10,"column":2},"end":{"line":10,"column":3}},"loc":{"start":{"line":10,"column":41},"end":{"line":12,"column":3}},"line":10},"3":{"name":"(anonymous_3)","decl":{"start":{"line":14,"column":2},"end":{"line":14,"column":3}},"loc":{"start":{"line":14,"column":12},"end":{"line":18,"column":3}},"line":14},"4":{"name":"(anonymous_4)","decl":{"start":{"line":20,"column":2},"end":{"line":20,"column":3}},"loc":{"start":{"line":20,"column":16},"end":{"line":24,"column":3}},"line":20},"5":{"name":"(anonymous_5)","decl":{"start":{"line":21,"column":26},"end":{"line":21,"column":27}},"loc":{"start":{"line":21,"column":40},"end":{"line":23,"column":5}},"line":21}},"branchMap":{"0":{"loc":{"start":{"line":7,"column":11},"end":{"line":7,"column":54}},"type":"binary-expr","locations":[{"start":{"line":7,"column":11},"end":{"line":7,"column":48}},{"start":{"line":7,"column":52},"end":{"line":7,"column":54}}],"line":7}},"s":{"0":3,"1":8,"2":6,"3":2,"4":2,"5":2,"6":4,"7":13},"f":{"0":3,"1":8,"2":6,"3":2,"4":4,"5":13},"b":{"0":[8,3]},"_coverageSchema":"1a1c01bbd47fc00a2c39e90264f33305004495a9","hash":"d750e62e9724f29d83832eb1e2704827d1534594"}
}
